SF:lib/data/datasource/client/http_service.dart
DA:8,0
DA:10,0
DA:11,0
LF:3
LH:0
end_of_record
SF:lib/data/datasource/motels_remote_datasource_impl.dart
DA:15,1
DA:17,1
DA:20,3
DA:21,2
DA:22,1
DA:23,1
DA:24,4
DA:25,1
DA:27,2
DA:28,0
DA:31,1
DA:32,1
DA:33,1
DA:34,1
DA:35,1
DA:36,1
LF:16
LH:15
end_of_record
SF:lib/domain/entities/response/response_list.dart
DA:6,3
DA:15,3
LF:2
LH:2
end_of_record
SF:lib/domain/entities/motel/motel.dart
DA:11,3
LF:1
LH:1
end_of_record
SF:lib/domain/entities/motel/suite.dart
DA:4,3
DA:11,3
DA:22,3
DA:34,3
DA:36,0
DA:48,3
LF:6
LH:5
end_of_record
SF:lib/data/model/motel_model.dart
DA:23,1
DA:30,1
DA:39,1
DA:40,1
DA:42,0
DA:44,0
DA:46,2
LF:7
LH:5
end_of_record
SF:lib/data/model/motel_model.g.dart
DA:9,2
DA:10,1
DA:11,1
DA:12,1
DA:13,2
DA:14,2
DA:15,1
DA:16,3
DA:17,1
DA:20,0
DA:21,0
DA:22,0
DA:23,0
DA:24,0
DA:25,0
DA:26,0
DA:27,0
LF:17
LH:9
end_of_record
SF:lib/data/model/motel_mapper.dart
DA:5,0
DA:6,0
DA:7,0
DA:8,0
DA:9,0
DA:10,0
DA:11,0
DA:12,0
DA:16,1
DA:17,1
DA:18,1
DA:19,1
DA:20,1
DA:21,1
DA:22,1
DA:23,5
LF:16
LH:8
end_of_record
SF:lib/data/model/suite_model.dart
DA:24,1
DA:32,1
DA:42,2
DA:43,0
DA:44,0
DA:45,2
DA:53,2
DA:55,2
DA:56,0
DA:57,0
DA:58,2
DA:69,1
DA:72,1
DA:74,2
DA:75,0
DA:76,0
DA:77,0
DA:78,2
DA:96,1
DA:103,1
DA:112,2
DA:113,0
DA:114,0
DA:115,0
DA:116,2
DA:124,1
DA:126,1
DA:128,2
DA:129,0
DA:130,0
DA:131,0
DA:132,2
LF:32
LH:19
end_of_record
SF:lib/data/model/suite_model.g.dart
DA:9,2
DA:10,1
DA:11,2
DA:12,1
DA:14,4
DA:15,1
DA:16,3
DA:17,1
DA:18,1
DA:19,3
DA:20,1
DA:21,1
DA:22,3
DA:23,1
DA:26,0
DA:27,0
DA:28,0
DA:29,0
DA:30,0
DA:31,0
DA:32,0
DA:33,0
DA:34,0
DA:37,2
DA:38,1
DA:41,0
DA:42,0
DA:45,2
DA:46,1
DA:47,1
DA:50,0
DA:51,0
DA:52,0
DA:53,0
DA:56,2
DA:57,1
DA:58,1
DA:59,2
DA:60,2
DA:61,1
DA:62,1
DA:64,2
DA:67,0
DA:68,0
DA:69,0
DA:70,0
DA:71,0
DA:72,0
DA:73,0
DA:74,0
DA:77,2
DA:78,2
DA:81,0
DA:82,0
DA:83,0
LF:55
LH:29
end_of_record
SF:lib/data/model/suite_mapper.dart
DA:4,0
DA:5,0
DA:6,0
DA:7,0
DA:8,0
DA:9,0
DA:10,0
DA:12,0
DA:13,0
DA:17,1
DA:18,1
DA:19,1
DA:20,1
DA:21,1
DA:22,1
DA:23,5
DA:24,5
DA:25,5
DA:29,0
DA:30,0
DA:33,1
DA:34,2
DA:37,0
DA:38,0
DA:41,1
DA:42,3
DA:45,0
DA:46,0
DA:47,0
DA:48,0
DA:49,0
DA:50,0
DA:51,0
DA:52,0
DA:53,0
DA:58,1
DA:59,1
DA:60,1
DA:61,1
DA:62,1
DA:63,1
DA:64,1
DA:65,2
DA:69,0
DA:70,0
DA:73,1
DA:74,2
LF:47
LH:23
end_of_record
SF:lib/data/repository/motel_repository_impl.dart
DA:13,1
DA:16,1
DA:19,2
DA:20,1
DA:22,3
LF:5
LH:5
end_of_record
SF:lib/infra/failure/failure.dart
DA:7,2
DA:9,0
DA:11,0
LF:3
LH:1
end_of_record
SF:lib/domain/usecase/get_motels.dart
DA:12,1
DA:15,1
DA:16,2
LF:3
LH:3
end_of_record
